#imprimir_area_espera
1
0 0
11
0 0
111
0 0
1111
0 0
11111
0 0
#imprimir_estructura_cluster
(proc1(proc11(proc111  )(proc112  ))(proc12(proc121  )(proc122  )))
#imprimir_procesadores_cluster
proc1
proc11
proc111
proc112
proc12
proc121
proc122
#alta_proceso_procesador proc1 50
error: no cabe proceso
#app proc11111 60
error: no existe procesador
#app proc11 70
#imprimir_procesador p4
error: no existe procesador
#imprimir_procesador proc11
0 70 30 8
#modificar_cluster proc3
error: no existe procesador
#mc proc1
error: procesador con auxiliares
#mc proc11
error: procesador con procesos
#mc proc121
#iec
(proc1(proc11(proc111  )(proc112  ))(proc12(p1(p2  )(p3  ))(proc122  ))
#app proc11 80
#ipro proc11
0 70 30 8
30 80 200 10
#alta_proceso_procesador proc11 70
error: ya existe proceso
#baja_proceso_procesador p6 80
error: no existe procesador
#bpp proc12 100
error: no existe proceso
#bpp proc11 80
#ipro proc11
0 70 30 8
#avanzar_tiempo 9
#imprimir_procesador proc11
#ape 1111111 90
error: no existe prioridad
#ape 111 20
#ape 111 20
error: ya existe proceso
#imprimir_prioridad 222
error: no existe prioridad
#ipri 111
20 20 15
0 0
#alta_prioridad 11
error: ya existe prioridad
#ap 2
#baja_prioridad 333
error: no existe prioridad
#bp 1111
#iae
1
0 0
11
0 0
111
20 20 15
0 0
11111
0 0
2
0 0
#enviar_procesos_cluster 10
#ipc
p1
0 20 20 15
p2
p3
proc1
proc11
proc111
proc112
proc12
proc122
#compactar_memoria_procesador abcde
error: no existe procesador
#configurar_cluster
#iec
(que(buen(dia  )(hace  ))(hoy(no  )(?<3  )))
